mode: set
github.com/frodi/workshed/cmd/workshed/main.go:10.13,11.22 1 0
github.com/frodi/workshed/cmd/workshed/main.go:11.22,14.3 2 0
github.com/frodi/workshed/cmd/workshed/main.go:16.2,18.17 2 0
github.com/frodi/workshed/cmd/workshed/main.go:19.16,20.26 1 0
github.com/frodi/workshed/cmd/workshed/main.go:21.14,22.24 1 0
github.com/frodi/workshed/cmd/workshed/main.go:23.17,24.27 1 0
github.com/frodi/workshed/cmd/workshed/main.go:25.14,26.24 1 0
github.com/frodi/workshed/cmd/workshed/main.go:27.16,28.26 1 0
github.com/frodi/workshed/cmd/workshed/main.go:29.36,30.16 1 0
github.com/frodi/workshed/cmd/workshed/main.go:31.30,32.14 1 0
github.com/frodi/workshed/cmd/workshed/main.go:33.10,36.13 3 0
github.com/frodi/workshed/internal/handle/handle.go:17.32,23.2 1 1
github.com/frodi/workshed/internal/handle/handle.go:26.48,28.16 2 1
github.com/frodi/workshed/internal/handle/handle.go:28.16,30.3 1 0
github.com/frodi/workshed/internal/handle/handle.go:32.2,33.16 2 1
github.com/frodi/workshed/internal/handle/handle.go:33.16,35.3 1 0
github.com/frodi/workshed/internal/handle/handle.go:37.2,38.16 2 1
github.com/frodi/workshed/internal/handle/handle.go:38.16,40.3 1 0
github.com/frodi/workshed/internal/handle/handle.go:42.2,42.54 1 1
github.com/frodi/workshed/internal/handle/handle.go:46.78,49.35 2 1
github.com/frodi/workshed/internal/handle/handle.go:49.35,51.17 2 1
github.com/frodi/workshed/internal/handle/handle.go:51.17,53.4 1 0
github.com/frodi/workshed/internal/handle/handle.go:55.3,55.22 1 1
github.com/frodi/workshed/internal/handle/handle.go:55.22,57.4 1 1
github.com/frodi/workshed/internal/handle/handle.go:60.2,60.90 1 1
github.com/frodi/workshed/internal/handle/handle.go:63.64,64.21 1 1
github.com/frodi/workshed/internal/handle/handle.go:64.21,66.3 1 0
github.com/frodi/workshed/internal/handle/handle.go:68.2,69.16 2 1
github.com/frodi/workshed/internal/handle/handle.go:69.16,71.3 1 0
github.com/frodi/workshed/internal/handle/handle.go:73.2,73.30 1 1
github.com/frodi/workshed/internal/cli/create.go:14.28,19.20 4 0
github.com/frodi/workshed/internal/cli/create.go:19.20,23.3 3 0
github.com/frodi/workshed/internal/cli/create.go:25.2,27.20 2 0
github.com/frodi/workshed/internal/cli/create.go:27.20,31.3 3 0
github.com/frodi/workshed/internal/cli/create.go:33.2,37.17 2 0
github.com/frodi/workshed/internal/cli/create.go:37.17,41.3 3 0
github.com/frodi/workshed/internal/cli/create.go:43.2,44.16 2 0
github.com/frodi/workshed/internal/cli/create.go:44.16,47.3 2 0
github.com/frodi/workshed/internal/cli/create.go:49.2,53.16 4 0
github.com/frodi/workshed/internal/cli/create.go:53.16,57.3 3 0
github.com/frodi/workshed/internal/cli/create.go:59.2,60.47 2 0
github.com/frodi/workshed/internal/cli/create.go:63.51,67.37 1 1
github.com/frodi/workshed/internal/cli/create.go:67.37,70.21 2 1
github.com/frodi/workshed/internal/cli/create.go:70.21,73.19 2 1
github.com/frodi/workshed/internal/cli/create.go:73.19,79.5 4 1
github.com/frodi/workshed/internal/cli/create.go:82.3,82.18 1 0
github.com/frodi/workshed/internal/cli/create.go:86.2,87.17 2 1
github.com/frodi/workshed/internal/cli/create.go:87.17,90.3 2 1
github.com/frodi/workshed/internal/cli/create.go:90.8,92.3 1 1
github.com/frodi/workshed/internal/cli/create.go:94.2,94.17 1 1
github.com/frodi/workshed/internal/cli/inspect.go:12.29,15.20 2 0
github.com/frodi/workshed/internal/cli/inspect.go:15.20,17.3 1 0
github.com/frodi/workshed/internal/cli/inspect.go:19.2,21.19 2 0
github.com/frodi/workshed/internal/cli/inspect.go:21.19,25.3 3 0
github.com/frodi/workshed/internal/cli/inspect.go:27.2,30.16 3 0
github.com/frodi/workshed/internal/cli/inspect.go:30.16,33.3 2 0
github.com/frodi/workshed/internal/cli/inspect.go:35.2,37.16 3 0
github.com/frodi/workshed/internal/cli/inspect.go:37.16,40.3 2 0
github.com/frodi/workshed/internal/cli/inspect.go:42.2,47.22 5 0
github.com/frodi/workshed/internal/cli/inspect.go:47.22,49.23 2 0
github.com/frodi/workshed/internal/cli/inspect.go:49.23,51.4 1 0
github.com/frodi/workshed/internal/cli/list.go:13.26,17.20 3 0
github.com/frodi/workshed/internal/cli/list.go:17.20,21.3 3 0
github.com/frodi/workshed/internal/cli/list.go:23.2,26.16 3 0
github.com/frodi/workshed/internal/cli/list.go:26.16,29.3 2 0
github.com/frodi/workshed/internal/cli/list.go:31.2,37.16 4 0
github.com/frodi/workshed/internal/cli/list.go:37.16,40.3 2 0
github.com/frodi/workshed/internal/cli/list.go:42.2,42.26 1 0
github.com/frodi/workshed/internal/cli/list.go:42.26,45.3 2 0
github.com/frodi/workshed/internal/cli/list.go:47.2,50.32 3 0
github.com/frodi/workshed/internal/cli/list.go:50.32,54.3 3 0
github.com/frodi/workshed/internal/cli/list.go:56.2,56.11 1 0
github.com/frodi/workshed/internal/cli/list.go:59.44,60.22 1 1
github.com/frodi/workshed/internal/cli/list.go:60.22,62.3 1 1
github.com/frodi/workshed/internal/cli/list.go:64.2,64.17 1 1
github.com/frodi/workshed/internal/cli/list.go:64.17,66.3 1 1
github.com/frodi/workshed/internal/cli/list.go:68.2,68.29 1 1
github.com/frodi/workshed/internal/cli/path.go:12.26,15.20 2 0
github.com/frodi/workshed/internal/cli/path.go:15.20,17.3 1 0
github.com/frodi/workshed/internal/cli/path.go:19.2,21.19 2 0
github.com/frodi/workshed/internal/cli/path.go:21.19,25.3 3 0
github.com/frodi/workshed/internal/cli/path.go:27.2,30.16 3 0
github.com/frodi/workshed/internal/cli/path.go:30.16,33.3 2 0
github.com/frodi/workshed/internal/cli/path.go:35.2,37.16 3 0
github.com/frodi/workshed/internal/cli/path.go:37.16,40.3 2 0
github.com/frodi/workshed/internal/cli/path.go:42.2,42.31 1 0
github.com/frodi/workshed/internal/cli/remove.go:14.28,18.20 3 0
github.com/frodi/workshed/internal/cli/remove.go:18.20,22.3 3 0
github.com/frodi/workshed/internal/cli/remove.go:24.2,26.19 2 0
github.com/frodi/workshed/internal/cli/remove.go:26.19,30.3 3 0
github.com/frodi/workshed/internal/cli/remove.go:32.2,35.16 3 0
github.com/frodi/workshed/internal/cli/remove.go:35.16,38.3 2 0
github.com/frodi/workshed/internal/cli/remove.go:40.2,42.16 3 0
github.com/frodi/workshed/internal/cli/remove.go:42.16,45.3 2 0
github.com/frodi/workshed/internal/cli/remove.go:47.2,47.13 1 0
github.com/frodi/workshed/internal/cli/remove.go:47.13,51.17 4 0
github.com/frodi/workshed/internal/cli/remove.go:51.17,54.4 2 0
github.com/frodi/workshed/internal/cli/remove.go:56.3,57.43 2 0
github.com/frodi/workshed/internal/cli/remove.go:57.43,60.4 2 0
github.com/frodi/workshed/internal/cli/remove.go:63.2,63.50 1 0
github.com/frodi/workshed/internal/cli/remove.go:63.50,66.3 2 0
github.com/frodi/workshed/internal/cli/remove.go:68.2,68.13 1 0
github.com/frodi/workshed/internal/cli/remove.go:68.13,70.3 1 0
github.com/frodi/workshed/internal/cli/root.go:20.14,48.2 1 1
github.com/frodi/workshed/internal/cli/root.go:51.16,53.2 1 1
github.com/frodi/workshed/internal/cli/root.go:56.31,57.52 1 1
github.com/frodi/workshed/internal/cli/root.go:57.52,59.3 1 1
github.com/frodi/workshed/internal/cli/root.go:61.2,62.16 2 1
github.com/frodi/workshed/internal/cli/root.go:62.16,65.3 2 0
github.com/frodi/workshed/internal/cli/root.go:67.2,67.55 1 1
github.com/frodi/workshed/internal/workspace/store.go:25.48,26.16 1 1
github.com/frodi/workshed/internal/workspace/store.go:26.16,28.3 1 0
github.com/frodi/workshed/internal/workspace/store.go:30.2,31.16 2 1
github.com/frodi/workshed/internal/workspace/store.go:31.16,33.3 1 0
github.com/frodi/workshed/internal/workspace/store.go:35.2,35.51 1 1
github.com/frodi/workshed/internal/workspace/store.go:35.51,37.3 1 0
github.com/frodi/workshed/internal/workspace/store.go:39.2,39.37 1 1
github.com/frodi/workshed/internal/workspace/store.go:43.87,44.24 1 1
github.com/frodi/workshed/internal/workspace/store.go:44.24,46.3 1 1
github.com/frodi/workshed/internal/workspace/store.go:48.2,48.24 1 1
github.com/frodi/workshed/internal/workspace/store.go:48.24,49.55 1 1
github.com/frodi/workshed/internal/workspace/store.go:49.55,51.4 1 1
github.com/frodi/workshed/internal/workspace/store.go:54.2,55.51 2 1
github.com/frodi/workshed/internal/workspace/store.go:55.51,58.3 2 1
github.com/frodi/workshed/internal/workspace/store.go:59.2,59.16 1 1
github.com/frodi/workshed/internal/workspace/store.go:59.16,61.3 1 0
github.com/frodi/workshed/internal/workspace/store.go:63.2,73.16 3 1
github.com/frodi/workshed/internal/workspace/store.go:73.16,75.3 1 0
github.com/frodi/workshed/internal/workspace/store.go:77.2,78.15 2 1
github.com/frodi/workshed/internal/workspace/store.go:78.15,79.15 1 1
github.com/frodi/workshed/internal/workspace/store.go:79.15,81.4 1 1
github.com/frodi/workshed/internal/workspace/store.go:84.2,84.57 1 1
github.com/frodi/workshed/internal/workspace/store.go:84.57,86.3 1 0
github.com/frodi/workshed/internal/workspace/store.go:88.2,88.24 1 1
github.com/frodi/workshed/internal/workspace/store.go:88.24,89.54 1 1
github.com/frodi/workshed/internal/workspace/store.go:89.54,91.4 1 1
github.com/frodi/workshed/internal/workspace/store.go:94.2,95.52 2 1
github.com/frodi/workshed/internal/workspace/store.go:95.52,97.3 1 0
github.com/frodi/workshed/internal/workspace/store.go:99.2,101.16 3 1
github.com/frodi/workshed/internal/workspace/store.go:105.79,109.16 3 1
github.com/frodi/workshed/internal/workspace/store.go:109.16,110.25 1 1
github.com/frodi/workshed/internal/workspace/store.go:110.25,112.4 1 1
github.com/frodi/workshed/internal/workspace/store.go:113.3,113.54 1 0
github.com/frodi/workshed/internal/workspace/store.go:116.2,117.50 2 1
github.com/frodi/workshed/internal/workspace/store.go:117.50,119.3 1 0
github.com/frodi/workshed/internal/workspace/store.go:121.2,122.17 2 1
github.com/frodi/workshed/internal/workspace/store.go:126.85,128.16 2 1
github.com/frodi/workshed/internal/workspace/store.go:128.16,129.25 1 0
github.com/frodi/workshed/internal/workspace/store.go:129.25,131.4 1 0
github.com/frodi/workshed/internal/workspace/store.go:132.3,132.66 1 0
github.com/frodi/workshed/internal/workspace/store.go:135.2,136.32 2 1
github.com/frodi/workshed/internal/workspace/store.go:136.32,137.21 1 1
github.com/frodi/workshed/internal/workspace/store.go:137.21,138.12 1 0
github.com/frodi/workshed/internal/workspace/store.go:141.3,142.17 2 1
github.com/frodi/workshed/internal/workspace/store.go:142.17,143.12 1 0
github.com/frodi/workshed/internal/workspace/store.go:146.3,146.118 1 1
github.com/frodi/workshed/internal/workspace/store.go:146.118,147.12 1 1
github.com/frodi/workshed/internal/workspace/store.go:150.3,150.38 1 1
github.com/frodi/workshed/internal/workspace/store.go:153.2,153.24 1 1
github.com/frodi/workshed/internal/workspace/store.go:157.68,159.16 2 1
github.com/frodi/workshed/internal/workspace/store.go:159.16,161.3 1 0
github.com/frodi/workshed/internal/workspace/store.go:163.2,163.46 1 1
github.com/frodi/workshed/internal/workspace/store.go:163.46,165.3 1 0
github.com/frodi/workshed/internal/workspace/store.go:167.2,167.12 1 1
github.com/frodi/workshed/internal/workspace/store.go:171.76,173.16 2 1
github.com/frodi/workshed/internal/workspace/store.go:173.16,175.3 1 0
github.com/frodi/workshed/internal/workspace/store.go:176.2,176.21 1 1
github.com/frodi/workshed/internal/workspace/store.go:179.54,181.2 1 1
github.com/frodi/workshed/internal/workspace/store.go:183.40,184.15 1 1
github.com/frodi/workshed/internal/workspace/store.go:184.15,186.3 1 1
github.com/frodi/workshed/internal/workspace/store.go:188.2,188.36 1 1
github.com/frodi/workshed/internal/workspace/store.go:188.36,189.34 1 1
github.com/frodi/workshed/internal/workspace/store.go:189.34,191.4 1 1
github.com/frodi/workshed/internal/workspace/store.go:192.3,192.13 1 1
github.com/frodi/workshed/internal/workspace/store.go:195.2,196.38 2 1
github.com/frodi/workshed/internal/workspace/store.go:196.38,197.37 1 1
github.com/frodi/workshed/internal/workspace/store.go:197.37,199.4 1 1
github.com/frodi/workshed/internal/workspace/store.go:202.2,202.90 1 1
github.com/frodi/workshed/internal/workspace/store.go:205.54,207.2 1 0
github.com/frodi/workshed/internal/workspace/store.go:209.71,213.16 3 1
github.com/frodi/workshed/internal/workspace/store.go:213.16,215.3 1 0
github.com/frodi/workshed/internal/workspace/store.go:217.2,217.59 1 1
github.com/frodi/workshed/internal/workspace/store.go:217.59,219.3 1 0
github.com/frodi/workshed/internal/workspace/store.go:221.2,221.12 1 1
github.com/frodi/workshed/internal/workspace/store.go:224.85,227.15 3 1
github.com/frodi/workshed/internal/workspace/store.go:227.15,229.3 1 0
github.com/frodi/workshed/internal/workspace/store.go:231.2,232.20 2 1
github.com/frodi/workshed/internal/workspace/store.go:232.20,234.3 1 0
github.com/frodi/workshed/internal/workspace/store.go:236.2,239.53 3 1
github.com/frodi/workshed/internal/workspace/store.go:239.53,241.3 1 1
github.com/frodi/workshed/internal/workspace/store.go:243.2,245.53 3 0
github.com/frodi/workshed/internal/workspace/store.go:245.53,247.3 1 0
github.com/frodi/workshed/internal/workspace/store.go:249.2,249.12 1 0
github.com/frodi/workshed/internal/workspace/store.go:252.73,257.9 3 1
github.com/frodi/workshed/internal/workspace/store.go:260.44,261.32 1 1
github.com/frodi/workshed/internal/workspace/store.go:265.79,266.33 1 1
github.com/frodi/workshed/internal/workspace/store.go:271.42,272.25 1 1
github.com/frodi/workshed/internal/workspace/store.go:274.58,275.25 1 1
github.com/frodi/workshed/internal/workspace/store.go:278.2,278.16 1 1
github.com/frodi/workshed/internal/workspace/store.go:278.16,280.3 1 1
github.com/frodi/workshed/internal/workspace/store.go:282.2,282.71 1 1
github.com/frodi/workshed/internal/workspace/store.go:285.41,288.51 2 1
github.com/frodi/workshed/internal/workspace/store.go:288.51,290.3 1 1
github.com/frodi/workshed/internal/workspace/store.go:292.2,292.51 1 0
github.com/frodi/workshed/internal/workspace/store.go:292.51,294.21 2 0
github.com/frodi/workshed/internal/workspace/store.go:294.21,296.4 1 0
github.com/frodi/workshed/internal/workspace/store.go:299.2,299.11 1 0
